# JRE version: OpenJDK Runtime Environment (8.0_111-b14) (build 1.8.0_111-8u111-b14-3-b14)
# Java VM: OpenJDK 64-Bit Server VM (25.111-b14 mixed mode linux-amd64 compressed oops)
Heap:
 PSYoungGen      total 137216K, used 6432K [0x00000000d7380000, 0x00000000e0580000, 0x0000000100000000)
  eden space 125952K, 0% used [0x00000000d7380000,0x00000000d7380000,0x00000000dee80000)
  from space 11264K, 57% used [0x00000000dee80000,0x00000000df4c8040,0x00000000df980000)
  to   space 10240K, 0% used [0x00000000df980000,0x00000000df980000,0x00000000e0380000)
 ParOldGen       total 84992K, used 10364K [0x0000000085a00000, 0x000000008ad00000, 0x00000000d7380000)
  object space 84992K, 12% used [0x0000000085a00000,0x000000008641f360,0x000000008ad00000)
 Metaspace       used 20637K, capacity 21216K, committed 21296K, reserved 1069056K
  class space    used 2483K, capacity 2686K, committed 2688K, reserved 1048576K
GC Heap History (10 events):
Event: 1,242 GC heap after
Heap after GC invocations=2 (full 0):
 PSYoungGen      total 36864K, used 5099K [0x00000000d7380000, 0x00000000dbb80000, 0x0000000100000000)
  eden space 31744K, 0% used [0x00000000d7380000,0x00000000d7380000,0x00000000d9280000)
  from space 5120K, 99% used [0x00000000d9780000,0x00000000d9c7ada8,0x00000000d9c80000)
  to   space 5120K, 0% used [0x00000000d9280000,0x00000000d9280000,0x00000000d9780000)
 ParOldGen       total 84992K, used 879K [0x0000000085a00000, 0x000000008ad00000, 0x00000000d7380000)
  object space 84992K, 1% used [0x0000000085a00000,0x0000000085adbc00,0x000000008ad00000)
 Metaspace       used 11858K, capacity 12166K, committed 12416K, reserved 1060864K
  class space    used 1452K, capacity 1557K, committed 1664K, reserved 1048576K
}
Event: 1,868 GC heap before
{Heap before GC invocations=3 (full 0):
 PSYoungGen      total 36864K, used 36843K [0x00000000d7380000, 0x00000000dbb80000, 0x0000000100000000)
  eden space 31744K, 100% used [0x00000000d7380000,0x00000000d9280000,0x00000000d9280000)
  from space 5120K, 99% used [0x00000000d9780000,0x00000000d9c7ada8,0x00000000d9c80000)
  to   space 5120K, 0% used [0x00000000d9280000,0x00000000d9280000,0x00000000d9780000)
 ParOldGen       total 84992K, used 879K [0x0000000085a00000, 0x000000008ad00000, 0x00000000d7380000)
  object space 84992K, 1% used [0x0000000085a00000,0x0000000085adbc00,0x000000008ad00000)
 Metaspace       used 14666K, capacity 14950K, committed 15232K, reserved 1062912K
  class space    used 1754K, capacity 1865K, committed 1920K, reserved 1048576K
Event: 1,882 GC heap after
Heap after GC invocations=3 (full 0):
 PSYoungGen      total 36864K, used 5104K [0x00000000d7380000, 0x00000000dbb80000, 0x0000000100000000)
  eden space 31744K, 0% used [0x00000000d7380000,0x00000000d7380000,0x00000000d9280000)
  from space 5120K, 99% used [0x00000000d9280000,0x00000000d977c040,0x00000000d9780000)
  to   space 5120K, 0% used [0x00000000db680000,0x00000000db680000,0x00000000dbb80000)
 ParOldGen       total 84992K, used 2783K [0x0000000085a00000, 0x000000008ad00000, 0x00000000d7380000)
  object space 84992K, 3% used [0x0000000085a00000,0x0000000085cb7ee0,0x000000008ad00000)
 Metaspace       used 14666K, capacity 14950K, committed 15232K, reserved 1062912K
  class space    used 1754K, capacity 1865K, committed 1920K, reserved 1048576K
}
Event: 4,131 GC heap before
{Heap before GC invocations=4 (full 0):
 PSYoungGen      total 36864K, used 36848K [0x00000000d7380000, 0x00000000dbb80000, 0x0000000100000000)
  eden space 31744K, 100% used [0x00000000d7380000,0x00000000d9280000,0x00000000d9280000)
  from space 5120K, 99% used [0x00000000d9280000,0x00000000d977c040,0x00000000d9780000)
  to   space 5120K, 0% used [0x00000000db680000,0x00000000db680000,0x00000000dbb80000)
 ParOldGen       total 84992K, used 2783K [0x0000000085a00000, 0x000000008ad00000, 0x00000000d7380000)
  object space 84992K, 3% used [0x0000000085a00000,0x0000000085cb7ee0,0x000000008ad00000)
 Metaspace       used 16391K, capacity 16700K, committed 17024K, reserved 1064960K
  class space    used 1982K, capacity 2098K, committed 2176K, reserved 1048576K
Event: 4,142 GC heap after
Heap after GC invocations=4 (full 0):
 PSYoungGen      total 68608K, used 5104K [0x00000000d7380000, 0x00000000dbb80000, 0x0000000100000000)
  eden space 63488K, 0% used [0x00000000d7380000,0x00000000d7380000,0x00000000db180000)
  from space 5120K, 99% used [0x00000000db680000,0x00000000dbb7c010,0x00000000dbb80000)
  to   space 5120K, 0% used [0x00000000db180000,0x00000000db180000,0x00000000db680000)
 ParOldGen       total 84992K, used 6089K [0x0000000085a00000, 0x000000008ad00000, 0x00000000d7380000)
  object space 84992K, 7% used [0x0000000085a00000,0x0000000085ff2650,0x000000008ad00000)
 Metaspace       used 16391K, capacity 16700K, committed 17024K, reserved 1064960K
  class space    used 1982K, capacity 2098K, committed 2176K, reserved 1048576K
}
Event: 5,879 GC heap before
{Heap before GC invocations=5 (full 0):
 PSYoungGen      total 68608K, used 68592K [0x00000000d7380000, 0x00000000dbb80000, 0x0000000100000000)
  eden space 63488K, 100% used [0x00000000d7380000,0x00000000db180000,0x00000000db180000)
  from space 5120K, 99% used [0x00000000db680000,0x00000000dbb7c010,0x00000000dbb80000)
  to   space 5120K, 0% used [0x00000000db180000,0x00000000db180000,0x00000000db680000)
 ParOldGen       total 84992K, used 6089K [0x0000000085a00000, 0x000000008ad00000, 0x00000000d7380000)
  object space 84992K, 7% used [0x0000000085a00000,0x0000000085ff2650,0x000000008ad00000)
 Metaspace       used 17184K, capacity 17670K, committed 17920K, reserved 1064960K
  class space    used 2050K, capacity 2205K, committed 2304K, reserved 1048576K
Event: 5,898 GC heap after
Heap after GC invocations=5 (full 0):
 PSYoungGen      total 68608K, used 5104K [0x00000000d7380000, 0x00000000e0380000, 0x0000000100000000)
  eden space 63488K, 0% used [0x00000000d7380000,0x00000000d7380000,0x00000000db180000)
  from space 5120K, 99% used [0x00000000db180000,0x00000000db67c030,0x00000000db680000)
  to   space 10240K, 0% used [0x00000000df980000,0x00000000df980000,0x00000000e0380000)
 ParOldGen       total 84992K, used 9140K [0x0000000085a00000, 0x000000008ad00000, 0x00000000d7380000)
  object space 84992K, 10% used [0x0000000085a00000,0x00000000862ed340,0x000000008ad00000)
 Metaspace       used 17184K, capacity 17670K, committed 17920K, reserved 1064960K
  class space    used 2050K, capacity 2205K, committed 2304K, reserved 1048576K
}
Event: 63,147 GC heap before
{Heap before GC invocations=6 (full 0):
 PSYoungGen      total 68608K, used 68592K [0x00000000d7380000, 0x00000000e0380000, 0x0000000100000000)
  eden space 63488K, 100% used [0x00000000d7380000,0x00000000db180000,0x00000000db180000)
  from space 5120K, 99% used [0x00000000db180000,0x00000000db67c030,0x00000000db680000)
  to   space 10240K, 0% used [0x00000000df980000,0x00000000df980000,0x00000000e0380000)
 ParOldGen       total 84992K, used 9140K [0x0000000085a00000, 0x000000008ad00000, 0x00000000d7380000)
  object space 84992K, 10% used [0x0000000085a00000,0x00000000862ed340,0x000000008ad00000)
 Metaspace       used 20235K, capacity 20832K, committed 21120K, reserved 1067008K
  class space    used 2404K, capacity 2622K, committed 2688K, reserved 1048576K
Event: 63,517 GC heap after
Heap after GC invocations=6 (full 0):
 PSYoungGen      total 136192K, used 9051K [0x00000000d7380000, 0x00000000e0580000, 0x0000000100000000)
  eden space 125952K, 0% used [0x00000000d7380000,0x00000000d7380000,0x00000000dee80000)
  from space 10240K, 88% used [0x00000000df980000,0x00000000e0256c70,0x00000000e0380000)
  to   space 11264K, 0% used [0x00000000dee80000,0x00000000dee80000,0x00000000df980000)
 ParOldGen       total 84992K, used 9140K [0x0000000085a00000, 0x000000008ad00000, 0x00000000d7380000)
  object space 84992K, 10% used [0x0000000085a00000,0x00000000862ed340,0x000000008ad00000)
 Metaspace       used 20235K, capacity 20832K, committed 21120K, reserved 1067008K
  class space    used 2404K, capacity 2622K, committed 2688K, reserved 1048576K
}
Event: 81,613 GC heap before
{Heap before GC invocations=7 (full 0):
 PSYoungGen      total 136192K, used 11461K [0x00000000d7380000, 0x00000000e0580000, 0x0000000100000000)
  eden space 125952K, 1% used [0x00000000d7380000,0x00000000d75da890,0x00000000dee80000)
  from space 10240K, 88% used [0x00000000df980000,0x00000000e0256c70,0x00000000e0380000)
  to   space 11264K, 0% used [0x00000000dee80000,0x00000000dee80000,0x00000000df980000)
 ParOldGen       total 84992K, used 9140K [0x0000000085a00000, 0x000000008ad00000, 0x00000000d7380000)
  object space 84992K, 10% used [0x0000000085a00000,0x00000000862ed340,0x000000008ad00000)
 Metaspace       used 20637K, capacity 21216K, committed 21296K, reserved 1069056K
  class space    used 2483K, capacity 2686K, committed 2688K, reserved 1048576K

